Array
(
    [history] => Array
        (
            [0] => 2-3
            [1] => 1-3
            [2] => 3-1
            [3] => 4-4
        )

)
Array
(
    [history] => Array
        (
            [0] => 2-5
            [1] => 5-3
            [2] => 6-5
            [3] => 1-4
            [4] => 4-1
            [5] => 4-2
            [6] => 2-1
        )

)
Array
(
    [history] => Array
        (
            [0] => 6-4
            [1] => 6-3
            [2] => 4-5
            [3] => 1-1
            [4] => 6-1
            [5] => 4-2
            [6] => 3-4
            [7] => 3-5
        )

)
Array
(
    [history] => Array
        (
            [0] => 1-4
            [1] => 4-6
            [2] => 6-1
            [3] => 5-5
            [4] => 3-5
            [5] => 1-1
            [6] => 6-6
            [7] => 4-5
            [8] => 2-2
            [9] => 6-4
            [10] => 2-3
        )

)
Array
(
    [history] => Array
        (
            [0] => 4-3
            [1] => 1-4
            [2] => 3-6
            [3] => 5-1
            [4] => 2-6
        )

)
Array
(
    [history] => Array
        (
            [0] => 1-4
            [1] => 2-3
            [2] => 5-5
            [3] => 6-5
            [4] => 2-5
            [5] => 5-1
        )

)
Array
(
    [history] => Array
        (
            [0] => t-42
            [1] => l-50
            [2] => h-4
            [3] => d-46
            [4] => b-29
            [5] => i-27
            [6] => z-40
            [7] => t-17
            [8] => v-41
            [9] => a-4
            [10] => d-5
            [11] => x-3
            [12] => l-41
            [13] => s-37
            [14] => k-41
            [15] => t-7
        )

)
Array
(
    [history] => Array
        (
            [0] => b-7
            [1] => a-8
            [2] => b-5
            [3] => b-9
            [4] => a-7
            [5] => a-5
            [6] => c-7
            [7] => a-2
            [8] => a-9
            [9] => c-8
            [10] => c-1
            [11] => b-4
            [12] => a-3
            [13] => b-3
            [14] => b-6
            [15] => b-1
            [16] => c-2
            [17] => a-10
        )

)
Array
(
    [history] => Array
        (
            [0] => b-2
            [1] => a-1
            [2] => b-1
            [3] => a-2
        )

)
Array
(
    [history] => Array
        (
            [0] => b-3
            [1] => b-5
            [2] => b-2
            [3] => a-4
            [4] => b-1
            [5] => a-3
            [6] => a-2
            [7] => a-5
            [8] => a-1
            [9] => b-4
        )

)
Array
(
    [history] => Array
        (
            [0] => b-2
            [1] => a-1
            [2] => a-2
            [3] => b-1
        )

)
Array
(
    [history] => Array
        (
            [0] => b-2
            [1] => b-1
            [2] => a-2
            [3] => a-1
        )

)
Array
(
    [history] => Array
        (
            [0] => a-6
            [1] => b-3
            [2] => a-4
            [3] => b-8
            [4] => a-2
            [5] => a-5
            [6] => b-5
            [7] => b-4
            [8] => b-10
            [9] => a-8
            [10] => a-1
            [11] => a-10
            [12] => b-1
            [13] => a-7
            [14] => b-9
            [15] => b-2
        )

)
Array
(
    [history] => Array
        (
            [0] => c-1
            [1] => b-1
            [2] => a-1
        )

)
Array
(
    [history] => Array
        (
            [0] => b-1
            [1] => a-1
        )

)
Array
(
    [history] => Array
        (
            [0] => z-12
            [1] => z-11
            [2] => z-36
            [3] => z-35
            [4] => z-44
            [5] => z-46
            [6] => z-13
            [7] => z-15
            [8] => z-21
            [9] => z-38
            [10] => z-9
            [11] => z-10
            [12] => z-1
        )

)
Array
(
    [history] => Array
        (
            [0] => b-1
            [1] => b-3
            [2] => b-2
            [3] => a-1
            [4] => a-2
            [5] => a-4
            [6] => b-4
            [7] => a-3
        )

)
Array
(
    [history] => Array
        (
            [0] => c-1
            [1] => d-1
            [2] => a-2
            [3] => b-2
            [4] => d-2
            [5] => b-1
            [6] => a-1
            [7] => c-2
        )

)
Array
(
    [history] => Array
        (
            [0] => a-1
            [1] => a-2
            [2] => a-4
            [3] => a-10
            [4] => a-5
            [5] => a-7
            [6] => a-6
            [7] => a-3
            [8] => a-9
            [9] => a-8
            [10] => a-10
            [11] => a-6
            [12] => a-1
            [13] => a-2
            [14] => a-3
            [15] => a-8
            [16] => a-7
            [17] => a-9
            [18] => a-4
            [19] => a-5
        )

)
Array
(
    [history] => Array
        (
            [0] => a-3
            [1] => a-1
            [2] => a-2
        )

)
Array
(
    [history] => Array
        (
            [0] => a-3
            [1] => a-1
            [2] => a-2
        )

)
Array
(
    [history] => Array
        (
            [0] => a-7
            [1] => a-10
            [2] => a-8
            [3] => a-6
            [4] => a-3
            [5] => a-5
            [6] => a-4
            [7] => a-9
            [8] => a-2
            [9] => a-1
        )

)
{"history":["a-1","a-3","a-9","a-7","a-5","a-4","a-2","a-8","a-10","a-6"]}{"history":["a-2","a-1"]}受信データ: {"history":["a-2","a-1","a-3"]}
デコード結果: Array
(
    [history] => Array
        (
            [0] => a-2
            [1] => a-1
            [2] => a-3
        )

)

受信データ: {"history":["a-10","a-6","a-5","a-1","a-2","a-3"]}
デコード結果: Array
(
    [history] => Array
        (
            [0] => a-10
            [1] => a-6
            [2] => a-5
            [3] => a-1
            [4] => a-2
            [5] => a-3
        )

)

受信データ: {"history":["a-2","a-1","a-3"]}
デコード結果: Array
(
    [history] => Array
        (
            [0] => a-2
            [1] => a-1
            [2] => a-3
        )

)

受信データ: {"history":["b-2","a-2","b-4","a-4","a-1","b-1","b-3","a-3"]}
デコード結果: Array
(
    [history] => Array
        (
            [0] => b-2
            [1] => a-2
            [2] => b-4
            [3] => a-4
            [4] => a-1
            [5] => b-1
            [6] => b-3
            [7] => a-3
        )

)

受信データ: {"history":["4-3","4-4","3-1","2-1","3-2","2-3","4-1","1-1","4-2","1-3","2-4","2-2","3-3","3-4","1-4","1-2"]}
デコード結果: Array
(
    [history] => Array
        (
            [0] => 4-3
            [1] => 4-4
            [2] => 3-1
            [3] => 2-1
            [4] => 3-2
            [5] => 2-3
            [6] => 4-1
            [7] => 1-1
            [8] => 4-2
            [9] => 1-3
            [10] => 2-4
            [11] => 2-2
            [12] => 3-3
            [13] => 3-4
            [14] => 1-4
            [15] => 1-2
        )

)

受信データ: {"history":["5-7","9-4","5-8","7-9","9-10","9-8","8-6"]}
デコード結果: Array
(
    [history] => Array
        (
            [0] => 5-7
            [1] => 9-4
            [2] => 5-8
            [3] => 7-9
            [4] => 9-10
            [5] => 9-8
            [6] => 8-6
        )

)

受信データ: {"history":["a-6"]}
デコード結果: Array
(
    [history] => Array
        (
            [0] => a-6
        )

)

受信データ: {"history":["a-1","a-8","a-9","a-5","a-6","a-2","a-7","a-4"]}
デコード結果: Array
(
    [history] => Array
        (
            [0] => a-1
            [1] => a-8
            [2] => a-9
            [3] => a-5
            [4] => a-6
            [5] => a-2
            [6] => a-7
            [7] => a-4
        )

)

受信データ: {"history":["2-3","3-2","4-3","2-2","4-2","3-3","3-1","4-1","2-1","1-2","1-3","1-1"]}
デコード結果: Array
(
    [history] => Array
        (
            [0] => 2-3
            [1] => 3-2
            [2] => 4-3
            [3] => 2-2
            [4] => 4-2
            [5] => 3-3
            [6] => 3-1
            [7] => 4-1
            [8] => 2-1
            [9] => 1-2
            [10] => 1-3
            [11] => 1-1
        )

)

受信データ: {"history":["a-4","a-8","a-1","a-5","a-7","a-3","a-2","a-10","a-9","a-6"]}
デコード結果: Array
(
    [history] => Array
        (
            [0] => a-4
            [1] => a-8
            [2] => a-1
            [3] => a-5
            [4] => a-7
            [5] => a-3
            [6] => a-2
            [7] => a-10
            [8] => a-9
            [9] => a-6
        )

)

受信データ: {"history":["1-1"]}
デコード結果: Array
(
    [history] => Array
        (
            [0] => 1-1
        )

)

受信データ: {"history":["1-3","1-2","1-5","1-4","1-6","1-7","1-8","1-10","1-1","1-9","1-4","1-3","1-10","1-6","1-2","1-8","1-5","1-9","1-1","1-7"]}
デコード結果: Array
(
    [history] => Array
        (
            [0] => 1-3
            [1] => 1-2
            [2] => 1-5
            [3] => 1-4
            [4] => 1-6
            [5] => 1-7
            [6] => 1-8
            [7] => 1-10
            [8] => 1-1
            [9] => 1-9
            [10] => 1-4
            [11] => 1-3
            [12] => 1-10
            [13] => 1-6
            [14] => 1-2
            [15] => 1-8
            [16] => 1-5
            [17] => 1-9
            [18] => 1-1
            [19] => 1-7
        )

)

受信データ: {"history":["1-10","1-7","1-8","1-3","1-2","1-9","1-6","1-5","1-1","1-4"]}
デコード結果: Array
(
    [history] => Array
        (
            [0] => 1-10
            [1] => 1-7
            [2] => 1-8
            [3] => 1-3
            [4] => 1-2
            [5] => 1-9
            [6] => 1-6
            [7] => 1-5
            [8] => 1-1
            [9] => 1-4
        )

)

受信データ: {"history":["1-2","1-1","1-7","1-8","1-9","1-5","1-10","1-3","1-4","1-6"]}
デコード結果: Array
(
    [history] => Array
        (
            [0] => 1-2
            [1] => 1-1
            [2] => 1-7
            [3] => 1-8
            [4] => 1-9
            [5] => 1-5
            [6] => 1-10
            [7] => 1-3
            [8] => 1-4
            [9] => 1-6
        )

)

受信データ: {"history":["1-4","1-3","1-10","1-6","1-8","1-7","1-2","1-9","1-1","1-5"]}
デコード結果: Array
(
    [history] => Array
        (
            [0] => 1-4
            [1] => 1-3
            [2] => 1-10
            [3] => 1-6
            [4] => 1-8
            [5] => 1-7
            [6] => 1-2
            [7] => 1-9
            [8] => 1-1
            [9] => 1-5
        )

)

受信データ: {"history":["a-8","a-2","a-10","a-4","a-9","a-6","a-1","a-5","a-7","a-3"]}
デコード結果: Array
(
    [history] => Array
        (
            [0] => a-8
            [1] => a-2
            [2] => a-10
            [3] => a-4
            [4] => a-9
            [5] => a-6
            [6] => a-1
            [7] => a-5
            [8] => a-7
            [9] => a-3
        )

)

受信データ: {"history":["6-4"]}
デコード結果: Array
(
    [history] => Array
        (
            [0] => 6-4
        )

)

受信データ: {"history":["9-5","9-10","6-6","7-4","8-10","8-6","4-5","10-1","10-2","3-1","2-5","5-4","10-9","5-6","8-3","1-7","3-4","7-6","4-9","9-7"]}
デコード結果: Array
(
    [history] => Array
        (
            [0] => 9-5
            [1] => 9-10
            [2] => 6-6
            [3] => 7-4
            [4] => 8-10
            [5] => 8-6
            [6] => 4-5
            [7] => 10-1
            [8] => 10-2
            [9] => 3-1
            [10] => 2-5
            [11] => 5-4
            [12] => 10-9
            [13] => 5-6
            [14] => 8-3
            [15] => 1-7
            [16] => 3-4
            [17] => 7-6
            [18] => 4-9
            [19] => 9-7
        )

)

受信データ: {"history":["10-10","7-1"]}
デコード結果: Array
(
    [history] => Array
        (
            [0] => 10-10
            [1] => 7-1
        )

)

受信データ: {"history":["1-5","1-9","1-3","1-4","1-7","1-1","1-8","1-10","1-2","1-6","a-8","a-2","a-7","a-4","a-6","a-9","a-3","a-10","a-5","a-1"]}
デコード結果: Array
(
    [history] => Array
        (
            [0] => 1-5
            [1] => 1-9
            [2] => 1-3
            [3] => 1-4
            [4] => 1-7
            [5] => 1-1
            [6] => 1-8
            [7] => 1-10
            [8] => 1-2
            [9] => 1-6
            [10] => a-8
            [11] => a-2
            [12] => a-7
            [13] => a-4
            [14] => a-6
            [15] => a-9
            [16] => a-3
            [17] => a-10
            [18] => a-5
            [19] => a-1
        )

)

受信データ: {"history":["a-6","a-1","a-2","a-9","a-5","a-3","a-8","a-4","a-7","a-10"]}
デコード結果: Array
(
    [history] => Array
        (
            [0] => a-6
            [1] => a-1
            [2] => a-2
            [3] => a-9
            [4] => a-5
            [5] => a-3
            [6] => a-8
            [7] => a-4
            [8] => a-7
            [9] => a-10
        )

)

受信データ: {"history":["a-2","a-9","a-6","a-5","a-4","a-8","a-3","a-10","a-7"]}
デコード結果: Array
(
    [history] => Array
        (
            [0] => a-2
            [1] => a-9
            [2] => a-6
            [3] => a-5
            [4] => a-4
            [5] => a-8
            [6] => a-3
            [7] => a-10
            [8] => a-7
        )

)

